<?xml version="1.0" encoding="UTF-8"?>
<!-- Generated by org.testng.reporters.JUnitReportReporter -->
<testsuite skipped="0" hostname="DESKTOP-GD3KT6I" name="com.testng.features.TimeOut_Test" tests="1" failures="0" timestamp="2022-03-30T17:39:44 IST" time="6.078" errors="0">
  <testcase name="browser_Execution" time="6.078" classname="com.testng.features.TimeOut_Test"/>
  <system-out/>
</testsuite> <!-- com.testng.features.TimeOut_Test -->
