<?xml version="1.0" encoding="UTF-8"?>
<!-- Generated by org.testng.reporters.JUnitReportReporter -->
<testsuite skipped="0" hostname="DESKTOP-GD3KT6I" name="com.testng.features.Data_Provider" tests="6" failures="0" timestamp="2022-03-30T20:28:58 IST" time="0.256" errors="0">
  <testcase name="adactin_Runner" time="0.036" classname="com.testng.features.Data_Provider"/>
  <system-out/>
  <testcase name="automation_Runner" time="0.006" classname="com.testng.features.Data_Provider"/>
  <system-out/>
  <testcase name="adactin_Runner" time="0.021" classname="com.testng.features.Data_Provider"/>
  <system-out/>
  <testcase name="automation_Runner" time="0.105" classname="com.testng.features.Data_Provider"/>
  <system-out/>
  <testcase name="adactin_Runner" time="0.038" classname="com.testng.features.Data_Provider"/>
  <system-out/>
  <testcase name="automation_Runner" time="0.050" classname="com.testng.features.Data_Provider"/>
  <system-out/>
</testsuite> <!-- com.testng.features.Data_Provider -->
