<?xml version="1.0" encoding="UTF-8"?>
<!-- Generated by org.testng.reporters.JUnitReportReporter -->
<testsuite skipped="0" hostname="DESKTOP-GD3KT6I" name="com.API.demo.DataValidation_Adaction" tests="6" failures="0" timestamp="2022-04-08T17:15:17 IST" time="36.183" errors="0">
  <testcase name="searchHotel_Validate" time="16.106" classname="com.API.demo.DataValidation_Adaction"/>
  <system-out/>
  <testcase name="bookingConfirm_Hotel_Validate" time="3.329" classname="com.API.demo.DataValidation_Adaction"/>
  <system-out/>
  <testcase name="bookHotel_Validate" time="4.219" classname="com.API.demo.DataValidation_Adaction"/>
  <system-out/>
  <testcase name="selectHotel_Validate" time="3.610" classname="com.API.demo.DataValidation_Adaction"/>
  <system-out/>
  <testcase name="Itinerary_Validate" time="5.256" classname="com.API.demo.DataValidation_Adaction"/>
  <system-out/>
  <testcase name="Logout_Validate" time="3.663" classname="com.API.demo.DataValidation_Adaction"/>
  <system-out/>
</testsuite> <!-- com.API.demo.DataValidation_Adaction -->
