<?xml version="1.0" encoding="UTF-8"?>
<!-- Generated by org.testng.reporters.JUnitReportReporter -->
<testsuite skipped="1" hostname="DESKTOP-GD3KT6I" name="com.testng.features.Ignore_Concept" tests="3" failures="0" timestamp="2022-03-29T20:27:36 IST" time="0.074" errors="0">
  <testcase name="spotify" time="0.049" classname="com.testng.features.Ignore_Concept"/>
  <system-out/>
  <testcase name="wynkMusic" time="0.025" classname="com.testng.features.Ignore_Concept"/>
  <system-out/>
  <testcase name="books" classname="com.testng.features.Ignore_Concept">
    <skipped/>
  </testcase> <!-- books -->
  <system-out/>
</testsuite> <!-- com.testng.features.Ignore_Concept -->
