<?xml version="1.0" encoding="UTF-8"?>
<!-- Generated by org.testng.reporters.JUnitReportReporter -->
<testsuite skipped="0" hostname="DESKTOP-GD3KT6I" name="com.testng.features.Priority_Concept" tests="3" failures="0" timestamp="2022-03-29T15:38:40 IST" time="0.072" errors="0">
  <testcase name="login" time="0.045" classname="com.testng.features.Priority_Concept"/>
  <system-out/>
  <testcase name="username" time="0.013" classname="com.testng.features.Priority_Concept"/>
  <system-out/>
  <testcase name="password" time="0.014" classname="com.testng.features.Priority_Concept"/>
  <system-out/>
</testsuite> <!-- com.testng.features.Priority_Concept -->
