<?xml version="1.0" encoding="UTF-8"?>
<!-- Generated by org.testng.reporters.JUnitReportReporter -->
<testsuite skipped="0" hostname="DESKTOP-GD3KT6I" name="com.API.demo.Data_Validation" tests="1" failures="0" timestamp="2022-04-07T19:43:30 IST" time="11.794" errors="0">
  <testcase name="data_Validation" time="11.794" classname="com.API.demo.Data_Validation"/>
  <system-out/>
</testsuite> <!-- com.API.demo.Data_Validation -->
