<?xml version="1.0" encoding="UTF-8"?>
<!-- Generated by org.testng.reporters.JUnitReportReporter -->
<testsuite skipped="0" hostname="DESKTOP-GD3KT6I" name="com.testng.features.Expected_Exception" tests="1" failures="0" timestamp="2022-03-29T17:58:24 IST" time="0.037" errors="0">
  <testcase name="calculator" time="0.037" classname="com.testng.features.Expected_Exception"/>
  <system-out/>
</testsuite> <!-- com.testng.features.Expected_Exception -->
