<?xml version="1.0" encoding="UTF-8"?>
<!-- Generated by org.testng.reporters.JUnitReportReporter -->
<testsuite skipped="0" hostname="DESKTOP-GD3KT6I" name="com.testng.features.Invocation_Count" tests="6" failures="0" timestamp="2022-03-29T17:52:41 IST" time="0.137" errors="0">
  <testcase name="browser_Launch" time="0.040" classname="com.testng.features.Invocation_Count"/>
  <system-out/>
  <testcase name="refresh" time="0.017" classname="com.testng.features.Invocation_Count"/>
  <system-out/>
  <testcase name="refresh" time="0.029" classname="com.testng.features.Invocation_Count"/>
  <system-out/>
  <testcase name="launch_Url" time="0.012" classname="com.testng.features.Invocation_Count"/>
  <system-out/>
  <testcase name="refresh" time="0.023" classname="com.testng.features.Invocation_Count"/>
  <system-out/>
  <testcase name="credentials" time="0.016" classname="com.testng.features.Invocation_Count"/>
  <system-out/>
</testsuite> <!-- com.testng.features.Invocation_Count -->
