<?xml version="1.0" encoding="UTF-8"?>
<!-- Generated by org.testng.reporters.JUnitReportReporter -->
<testsuite skipped="0" hostname="DESKTOP-GD3KT6I" name="com.testng_Assert.Assert_Concept" tests="1" failures="0" timestamp="2022-03-31T15:41:22 IST" time="0.050" errors="0">
  <testcase name="username" time="0.050" classname="com.testng_Assert.Assert_Concept"/>
  <system-out/>
</testsuite> <!-- com.testng_Assert.Assert_Concept -->
