<?xml version="1.0" encoding="UTF-8"?>
<!-- Generated by org.testng.reporters.JUnitReportReporter -->
<testsuite skipped="0" hostname="DESKTOP-GD3KT6I" name="com.testng_Assert.Parallel_Multithreading" tests="2" failures="0" timestamp="2022-03-31T19:15:50 IST" time="0.189" errors="0">
  <testcase name="username" time="0.114" classname="com.testng_Assert.Parallel_Multithreading"/>
  <system-out/>
  <testcase name="password" time="0.075" classname="com.testng_Assert.Parallel_Multithreading"/>
  <system-out/>
</testsuite> <!-- com.testng_Assert.Parallel_Multithreading -->
