<?xml version="1.0" encoding="UTF-8"?>
<!-- Generated by org.testng.reporters.JUnitReportReporter -->
<testsuite skipped="0" hostname="DESKTOP-GD3KT6I" name="com.testng.features.Dependency_Test" tests="3" failures="0" timestamp="2022-03-30T17:44:57 IST" time="0.118" errors="0">
  <testcase name="offer" time="0.036" classname="com.testng.features.Dependency_Test"/>
  <system-out/>
  <testcase name="mobile" time="0.047" classname="com.testng.features.Dependency_Test"/>
  <system-out/>
  <testcase name="watch" time="0.035" classname="com.testng.features.Dependency_Test"/>
  <system-out/>
</testsuite> <!-- com.testng.features.Dependency_Test -->
