<?xml version="1.0" encoding="UTF-8"?>
<!-- Generated by org.testng.reporters.JUnitReportReporter -->
<testsuite skipped="0" hostname="DESKTOP-GD3KT6I" name="com.testng.features.Groups_Concept" tests="4" failures="0" timestamp="2022-03-29T17:44:45 IST" time="0.178" errors="0">
  <testcase name="spotify" time="0.105" classname="com.testng.features.Groups_Concept"/>
  <system-out/>
  <testcase name="whatsapp" time="0.012" classname="com.testng.features.Groups_Concept"/>
  <system-out/>
  <testcase name="wynkMusic" time="0.019" classname="com.testng.features.Groups_Concept"/>
  <system-out/>
  <testcase name="instagram" time="0.042" classname="com.testng.features.Groups_Concept"/>
  <system-out/>
</testsuite> <!-- com.testng.features.Groups_Concept -->
