<?xml version="1.0" encoding="UTF-8"?>
<!-- Generated by org.testng.reporters.JUnitReportReporter -->
<testsuite skipped="0" hostname="DESKTOP-GD3KT6I" name="com.testng.features.Parameterized_Test" tests="1" failures="0" timestamp="2022-03-30T20:11:21 IST" time="0.099" errors="0">
  <testcase name="credentials" time="0.099" classname="com.testng.features.Parameterized_Test"/>
  <system-out/>
</testsuite> <!-- com.testng.features.Parameterized_Test -->
