<?xml version="1.0" encoding="UTF-8"?>
<!-- Generated by org.testng.reporters.JUnitReportReporter -->
<testsuite skipped="0" hostname="DESKTOP-GD3KT6I" name="com.testng.features.Annotations_Demo" tests="2" failures="0" timestamp="2022-03-28T20:17:17 IST" time="0.251" errors="0">
  <testcase name="women" time="0.080" classname="com.testng.features.Annotations_Demo"/>
  <system-out/>
  <testcase name="children" time="0.171" classname="com.testng.features.Annotations_Demo"/>
  <system-out/>
</testsuite> <!-- com.testng.features.Annotations_Demo -->
